<?xml version="1.0" encoding="UTF-8"?>
<!-- Generated by org.testng.reporters.JUnitXMLReporter -->
<testsuite hostname="DESKTOP-02P61QG" ignored="0" name="Default test" tests="16" failures="0" timestamp="2020-12-20T19:06:35 IST" time="75.271" errors="0">
  <testcase name="setDemo" time="3.345" classname="ClearTrip.NewTest"/>
  <testcase name="date" time="0.169" classname="ClearTrip.NewTest"/>
  <testcase name="dropdown" time="2.335" classname="ClearTrip.NewTest"/>
  <testcase name="flight_button" time="3.118" classname="ClearTrip.NewTest"/>
  <testcase name="Checking_CheckBox" time="11.802" classname="ClearTrip.NewTest"/>
  <testcase name="slider" time="3.555" classname="ClearTrip.NewTest"/>
  <testcase name="Uncheck" time="5.136" classname="ClearTrip.NewTest"/>
  <testcase name="Flight_booking" time="3.147" classname="ClearTrip.NewTest"/>
  <testcase name="Window_handel" time="5.023" classname="ClearTrip.NewTest"/>
  <testcase name="Continue_booking" time="5.367" classname="ClearTrip.NewTest"/>
  <testcase name="Email" time="4.264" classname="ClearTrip.NewTest"/>
  <testcase name="Adult_traveller" time="5.001" classname="ClearTrip.NewTest"/>
  <testcase name="Child" time="1.71" classname="ClearTrip.NewTest"/>
  <testcase name="Infant" time="1.719" classname="ClearTrip.NewTest"/>
  <testcase name="Mobile_number" time="1.135" classname="ClearTrip.NewTest"/>
  <testcase name="Continue_button" time="8.337" classname="ClearTrip.NewTest"/>
</testsuite> <!-- Default test -->
